<?xml version="1.0" encoding="UTF-8"?>
<!-- Generated by org.testng.reporters.JUnitReportReporter -->
<testsuite skipped="0" hostname="DESKTOP-A2I5IAP" name="com.pack.TestMaven.ReadExcel2" tests="1" failures="0" timestamp="2021-08-16T22:15:12 IST" time="18.299" errors="0">
  <testcase name="myTestcase" time="18.299" classname="com.pack.TestMaven.ReadExcel2"/>
  <system-out/>
</testsuite> <!-- com.pack.TestMaven.ReadExcel2 -->
