<?xml version="1.0" encoding="UTF-8"?>
<!-- Generated by org.testng.reporters.JUnitReportReporter -->
<testsuite skipped="0" hostname="DESKTOP-A2I5IAP" name="com.pack.TestMaven.ReadExcel2" tests="1" failures="0" timestamp="09 Aug 2021 16:56:08 GMT" time="20.988" errors="0">
  <testcase name="myTestcase" time="20.988" classname="com.pack.TestMaven.ReadExcel2"/>
</testsuite> <!-- com.pack.TestMaven.ReadExcel2 -->
